[debug] [2022-02-18T18:18:19.226Z] ----------------------------------------------------------------------
[debug] [2022-02-18T18:18:19.227Z] Command:       /usr/local/bin/node /usr/local/bin/firebase deploy
[debug] [2022-02-18T18:18:19.227Z] CLI Version:   10.1.5
[debug] [2022-02-18T18:18:19.227Z] Platform:      darwin
[debug] [2022-02-18T18:18:19.228Z] Node Version:  v17.3.1
[debug] [2022-02-18T18:18:19.235Z] Time:          Fri Feb 18 2022 13:18:19 GMT-0500 (Eastern Standard Time)
[debug] [2022-02-18T18:18:19.235Z] ----------------------------------------------------------------------
[debug] 
[debug] [2022-02-18T18:18:19.278Z] > command requires scopes: ["email","openid","https://www.googleapis.com/auth/cloudplatformprojects.readonly","https://www.googleapis.com/auth/firebase","https://www.googleapis.com/auth/cloud-platform"]
[debug] [2022-02-18T18:18:19.279Z] > authorizing via signed-in user (dzhebrailov.emil@gmail.com)
[debug] [2022-02-18T18:18:19.279Z] [iam] checking project much-todo-ed for permissions ["firebase.projects.get","firebasehosting.sites.update"]
[debug] [2022-02-18T18:18:19.281Z] > refreshing access token with scopes: []
[debug] [2022-02-18T18:18:19.281Z] >>> HTTP REQUEST POST https://www.googleapis.com/oauth2/v3/token  
 <request body omitted>
[debug] [2022-02-18T18:18:19.493Z] <<< HTTP RESPONSE 200 {"cache-control":"no-cache, no-store, max-age=0, must-revalidate","date":"Fri, 18 Feb 2022 18:18:19 GMT","pragma":"no-cache","expires":"Mon, 01 Jan 1990 00:00:00 GMT","content-type":"application/json; charset=utf-8","vary":"X-Origin, Referer, Origin,Accept-Encoding","server":"scaffolding on HTTPServer2","x-xss-protection":"0","x-frame-options":"SAMEORIGIN","x-content-type-options":"nosniff","alt-svc":"h3=\":443\"; ma=2592000,h3-29=\":443\"; ma=2592000,h3-Q050=\":443\"; ma=2592000,h3-Q046=\":443\"; ma=2592000,h3-Q043=\":443\"; ma=2592000,quic=\":443\"; ma=2592000; v=\"46,43\"","accept-ranges":"none","transfer-encoding":"chunked"}
[debug] [2022-02-18T18:18:19.547Z] >>> [apiv2][query] POST https://cloudresourcemanager.googleapis.com/v1/projects/much-todo-ed:testIamPermissions [none]
[debug] [2022-02-18T18:18:19.547Z] >>> [apiv2][body] POST https://cloudresourcemanager.googleapis.com/v1/projects/much-todo-ed:testIamPermissions {"permissions":["firebase.projects.get","firebasehosting.sites.update"]}
[debug] [2022-02-18T18:18:19.763Z] <<< [apiv2][status] POST https://cloudresourcemanager.googleapis.com/v1/projects/much-todo-ed:testIamPermissions 200
[debug] [2022-02-18T18:18:19.763Z] <<< [apiv2][body] POST https://cloudresourcemanager.googleapis.com/v1/projects/much-todo-ed:testIamPermissions {"permissions":["firebase.projects.get","firebasehosting.sites.update"]}
[debug] [2022-02-18T18:18:19.764Z] >>> [apiv2][query] GET https://firebase.googleapis.com/v1beta1/projects/much-todo-ed [none]
[debug] [2022-02-18T18:18:20.109Z] <<< [apiv2][status] GET https://firebase.googleapis.com/v1beta1/projects/much-todo-ed 200
[debug] [2022-02-18T18:18:20.110Z] <<< [apiv2][body] GET https://firebase.googleapis.com/v1beta1/projects/much-todo-ed {"projectId":"much-todo-ed","projectNumber":"631903661225","displayName":"much-todo-ed","name":"projects/much-todo-ed","resources":{"hostingSite":"much-todo-ed","storageBucket":"much-todo-ed.appspot.com","locationId":"us-central"},"state":"ACTIVE"}
[info] 
[info] === Deploying to 'much-todo-ed'...
[info] 
[info] i  deploying hosting 
[debug] [2022-02-18T18:18:20.113Z] > refreshing access token with scopes: ["email","https://www.googleapis.com/auth/cloud-platform","https://www.googleapis.com/auth/cloudplatformprojects.readonly","https://www.googleapis.com/auth/firebase","openid"]
[debug] [2022-02-18T18:18:20.114Z] >>> HTTP REQUEST POST https://www.googleapis.com/oauth2/v3/token  
 <request body omitted>
[debug] [2022-02-18T18:18:20.185Z] <<< HTTP RESPONSE 200 {"cache-control":"no-cache, no-store, max-age=0, must-revalidate","expires":"Mon, 01 Jan 1990 00:00:00 GMT","pragma":"no-cache","date":"Fri, 18 Feb 2022 18:18:20 GMT","content-type":"application/json; charset=utf-8","vary":"X-Origin, Referer, Origin,Accept-Encoding","server":"scaffolding on HTTPServer2","x-xss-protection":"0","x-frame-options":"SAMEORIGIN","x-content-type-options":"nosniff","alt-svc":"h3=\":443\"; ma=2592000,h3-29=\":443\"; ma=2592000,h3-Q050=\":443\"; ma=2592000,h3-Q046=\":443\"; ma=2592000,h3-Q043=\":443\"; ma=2592000,quic=\":443\"; ma=2592000; v=\"46,43\"","accept-ranges":"none","transfer-encoding":"chunked"}
[debug] [2022-02-18T18:18:20.228Z] >>> HTTP REQUEST POST https://firebasehosting.googleapis.com/v1beta1/sites/much-todo-ed/versions  
 {"config":{"rewrites":[{"glob":"**","path":"/index.html"}]},"labels":{"deployment-tool":"cli-firebase"}}
[debug] [2022-02-18T18:18:21.221Z] <<< HTTP RESPONSE 500 {"vary":"X-Origin, Referer, Origin,Accept-Encoding","content-type":"application/json; charset=UTF-8","date":"Fri, 18 Feb 2022 18:18:20 GMT","server":"ESF","cache-control":"private","x-xss-protection":"0","x-frame-options":"SAMEORIGIN","x-content-type-options":"nosniff","alt-svc":"h3=\":443\"; ma=2592000,h3-29=\":443\"; ma=2592000,h3-Q050=\":443\"; ma=2592000,h3-Q046=\":443\"; ma=2592000,h3-Q043=\":443\"; ma=2592000,quic=\":443\"; ma=2592000; v=\"46,43\"","accept-ranges":"none","transfer-encoding":"chunked"}
[debug] [2022-02-18T18:18:21.222Z] <<< HTTP RESPONSE BODY {"error":{"code":500,"message":"Internal error encountered.","status":"INTERNAL"}}
[error] 
[error] Error: HTTP Error: 500, Internal error encountered.
[debug] [2022-02-18T18:18:21.370Z] Error Context: {
  "body": {
    "error": {
      "code": 500,
      "message": "Internal error encountered.",
      "status": "INTERNAL"
    }
  },
  "response": {
    "statusCode": 500,
    "body": {
      "error": {
        "code": 500,
        "message": "Internal error encountered.",
        "status": "INTERNAL"
      }
    },
    "headers": {
      "vary": "X-Origin, Referer, Origin,Accept-Encoding",
      "content-type": "application/json; charset=UTF-8",
      "date": "Fri, 18 Feb 2022 18:18:20 GMT",
      "server": "ESF",
      "cache-control": "private",
      "x-xss-protection": "0",
      "x-frame-options": "SAMEORIGIN",
      "x-content-type-options": "nosniff",
      "alt-svc": "h3=\":443\"; ma=2592000,h3-29=\":443\"; ma=2592000,h3-Q050=\":443\"; ma=2592000,h3-Q046=\":443\"; ma=2592000,h3-Q043=\":443\"; ma=2592000,quic=\":443\"; ma=2592000; v=\"46,43\"",
      "accept-ranges": "none",
      "transfer-encoding": "chunked"
    },
    "request": {
      "uri": {
        "protocol": "https:",
        "slashes": true,
        "auth": null,
        "host": "firebasehosting.googleapis.com",
        "port": 443,
        "hostname": "firebasehosting.googleapis.com",
        "hash": null,
        "search": null,
        "query": null,
        "pathname": "/v1beta1/sites/much-todo-ed/versions",
        "path": "/v1beta1/sites/much-todo-ed/versions",
        "href": "https://firebasehosting.googleapis.com/v1beta1/sites/much-todo-ed/versions"
      },
      "method": "POST"
    }
  }
}
[debug] [2022-02-18T18:30:01.843Z] ----------------------------------------------------------------------
[debug] [2022-02-18T18:30:01.844Z] Command:       /usr/local/bin/node /usr/local/bin/firebase deploy
[debug] [2022-02-18T18:30:01.845Z] CLI Version:   10.1.5
[debug] [2022-02-18T18:30:01.845Z] Platform:      darwin
[debug] [2022-02-18T18:30:01.845Z] Node Version:  v17.3.1
[debug] [2022-02-18T18:30:01.852Z] Time:          Fri Feb 18 2022 13:30:01 GMT-0500 (Eastern Standard Time)
[debug] [2022-02-18T18:30:01.852Z] ----------------------------------------------------------------------
[debug] 
[debug] [2022-02-18T18:30:01.904Z] > command requires scopes: ["email","openid","https://www.googleapis.com/auth/cloudplatformprojects.readonly","https://www.googleapis.com/auth/firebase","https://www.googleapis.com/auth/cloud-platform"]
[debug] [2022-02-18T18:30:01.904Z] > authorizing via signed-in user (dzhebrailov.emil@gmail.com)
[debug] [2022-02-18T18:30:01.904Z] [iam] checking project much-todo-ed for permissions ["firebase.projects.get","firebasehosting.sites.update"]
[debug] [2022-02-18T18:30:01.906Z] > refreshing access token with scopes: []
[debug] [2022-02-18T18:30:01.907Z] >>> HTTP REQUEST POST https://www.googleapis.com/oauth2/v3/token  
 <request body omitted>
[debug] [2022-02-18T18:30:02.099Z] <<< HTTP RESPONSE 200 {"expires":"Mon, 01 Jan 1990 00:00:00 GMT","date":"Fri, 18 Feb 2022 18:30:02 GMT","pragma":"no-cache","cache-control":"no-cache, no-store, max-age=0, must-revalidate","content-type":"application/json; charset=utf-8","vary":"X-Origin, Referer, Origin,Accept-Encoding","server":"scaffolding on HTTPServer2","x-xss-protection":"0","x-frame-options":"SAMEORIGIN","x-content-type-options":"nosniff","alt-svc":"h3=\":443\"; ma=2592000,h3-29=\":443\"; ma=2592000,h3-Q050=\":443\"; ma=2592000,h3-Q046=\":443\"; ma=2592000,h3-Q043=\":443\"; ma=2592000,quic=\":443\"; ma=2592000; v=\"46,43\"","accept-ranges":"none","transfer-encoding":"chunked"}
[debug] [2022-02-18T18:30:02.145Z] >>> [apiv2][query] POST https://cloudresourcemanager.googleapis.com/v1/projects/much-todo-ed:testIamPermissions [none]
[debug] [2022-02-18T18:30:02.145Z] >>> [apiv2][body] POST https://cloudresourcemanager.googleapis.com/v1/projects/much-todo-ed:testIamPermissions {"permissions":["firebase.projects.get","firebasehosting.sites.update"]}
[debug] [2022-02-18T18:30:02.330Z] <<< [apiv2][status] POST https://cloudresourcemanager.googleapis.com/v1/projects/much-todo-ed:testIamPermissions 200
[debug] [2022-02-18T18:30:02.330Z] <<< [apiv2][body] POST https://cloudresourcemanager.googleapis.com/v1/projects/much-todo-ed:testIamPermissions {"permissions":["firebase.projects.get","firebasehosting.sites.update"]}
[debug] [2022-02-18T18:30:02.331Z] >>> [apiv2][query] GET https://firebase.googleapis.com/v1beta1/projects/much-todo-ed [none]
[debug] [2022-02-18T18:30:02.574Z] <<< [apiv2][status] GET https://firebase.googleapis.com/v1beta1/projects/much-todo-ed 200
[debug] [2022-02-18T18:30:02.575Z] <<< [apiv2][body] GET https://firebase.googleapis.com/v1beta1/projects/much-todo-ed {"projectId":"much-todo-ed","projectNumber":"631903661225","displayName":"much-todo-ed","name":"projects/much-todo-ed","resources":{"hostingSite":"much-todo-ed","storageBucket":"much-todo-ed.appspot.com","locationId":"us-central"},"state":"DELETED"}
[info] 
[info] === Deploying to 'much-todo-ed'...
[info] 
[info] i  deploying hosting 
[debug] [2022-02-18T18:30:02.579Z] > refreshing access token with scopes: ["email","https://www.googleapis.com/auth/cloud-platform","https://www.googleapis.com/auth/cloudplatformprojects.readonly","https://www.googleapis.com/auth/firebase","openid"]
[debug] [2022-02-18T18:30:02.579Z] >>> HTTP REQUEST POST https://www.googleapis.com/oauth2/v3/token  
 <request body omitted>
[debug] [2022-02-18T18:30:02.648Z] <<< HTTP RESPONSE 200 {"cache-control":"no-cache, no-store, max-age=0, must-revalidate","expires":"Mon, 01 Jan 1990 00:00:00 GMT","date":"Fri, 18 Feb 2022 18:30:02 GMT","pragma":"no-cache","content-type":"application/json; charset=utf-8","vary":"X-Origin, Referer, Origin,Accept-Encoding","server":"scaffolding on HTTPServer2","x-xss-protection":"0","x-frame-options":"SAMEORIGIN","x-content-type-options":"nosniff","alt-svc":"h3=\":443\"; ma=2592000,h3-29=\":443\"; ma=2592000,h3-Q050=\":443\"; ma=2592000,h3-Q046=\":443\"; ma=2592000,h3-Q043=\":443\"; ma=2592000,quic=\":443\"; ma=2592000; v=\"46,43\"","accept-ranges":"none","transfer-encoding":"chunked"}
[debug] [2022-02-18T18:30:02.693Z] >>> HTTP REQUEST POST https://firebasehosting.googleapis.com/v1beta1/sites/much-todo-ed/versions  
 {"config":{"rewrites":[{"glob":"**","path":"/index.html"}]},"labels":{"deployment-tool":"cli-firebase"}}
[debug] [2022-02-18T18:30:03.204Z] <<< HTTP RESPONSE 500 {"vary":"X-Origin, Referer, Origin,Accept-Encoding","content-type":"application/json; charset=UTF-8","date":"Fri, 18 Feb 2022 18:30:03 GMT","server":"ESF","cache-control":"private","x-xss-protection":"0","x-frame-options":"SAMEORIGIN","x-content-type-options":"nosniff","alt-svc":"h3=\":443\"; ma=2592000,h3-29=\":443\"; ma=2592000,h3-Q050=\":443\"; ma=2592000,h3-Q046=\":443\"; ma=2592000,h3-Q043=\":443\"; ma=2592000,quic=\":443\"; ma=2592000; v=\"46,43\"","accept-ranges":"none","transfer-encoding":"chunked"}
[debug] [2022-02-18T18:30:03.204Z] <<< HTTP RESPONSE BODY {"error":{"code":500,"message":"Internal error encountered.","status":"INTERNAL"}}
[error] 
[error] Error: HTTP Error: 500, Internal error encountered.
[debug] [2022-02-18T18:30:03.318Z] Error Context: {
  "body": {
    "error": {
      "code": 500,
      "message": "Internal error encountered.",
      "status": "INTERNAL"
    }
  },
  "response": {
    "statusCode": 500,
    "body": {
      "error": {
        "code": 500,
        "message": "Internal error encountered.",
        "status": "INTERNAL"
      }
    },
    "headers": {
      "vary": "X-Origin, Referer, Origin,Accept-Encoding",
      "content-type": "application/json; charset=UTF-8",
      "date": "Fri, 18 Feb 2022 18:30:03 GMT",
      "server": "ESF",
      "cache-control": "private",
      "x-xss-protection": "0",
      "x-frame-options": "SAMEORIGIN",
      "x-content-type-options": "nosniff",
      "alt-svc": "h3=\":443\"; ma=2592000,h3-29=\":443\"; ma=2592000,h3-Q050=\":443\"; ma=2592000,h3-Q046=\":443\"; ma=2592000,h3-Q043=\":443\"; ma=2592000,quic=\":443\"; ma=2592000; v=\"46,43\"",
      "accept-ranges": "none",
      "transfer-encoding": "chunked"
    },
    "request": {
      "uri": {
        "protocol": "https:",
        "slashes": true,
        "auth": null,
        "host": "firebasehosting.googleapis.com",
        "port": 443,
        "hostname": "firebasehosting.googleapis.com",
        "hash": null,
        "search": null,
        "query": null,
        "pathname": "/v1beta1/sites/much-todo-ed/versions",
        "path": "/v1beta1/sites/much-todo-ed/versions",
        "href": "https://firebasehosting.googleapis.com/v1beta1/sites/much-todo-ed/versions"
      },
      "method": "POST"
    }
  }
}
